<?xml version="1.0" encoding="UTF-8"?>
<!-- Generated by org.testng.reporters.JUnitXMLReporter -->
<testsuite ignored="1" hostname="DR" failures="0" tests="2" name="Test" time="39.131" errors="0" timestamp="2024-12-03T02:29:14 IST">
  <testcase classname="testCases.TC001_AccountRegistrationTest" name="verifyAccountRegistration" time="5.404"/>
  <testcase classname="testCases.TC002_LoginTest" name="verifyLogin" time="4.114"/>
  <testcase classname="testCases.TC003_LoginDDT" name="verifyLoginDDT" time="0.0">
    <ignored/>
  </testcase> <!-- verifyLoginDDT -->
</testsuite> <!-- Test -->
